#
# There is insufficient memory for the Java Runtime Environment to continue.
# Native memory allocation (malloc) failed to allocate 1048576 bytes for AllocateHeap
# Possible reasons:
#   The system is out of physical RAM or swap space
#   In 32 bit mode, the process size limit was hit
# Possible solutions:
#   Reduce memory load on the system
#   Increase physical memory or swap space
#   Check if swap backing store is full
#   Use 64 bit Java on a 64 bit OS
#   Decrease Java heap size (-Xmx/-Xms)
#   Decrease number of Java threads
#   Decrease Java thread stack sizes (-Xss)
#   Set larger code cache with -XX:ReservedCodeCacheSize=
# This output file may be truncated or incomplete.
#
#  Out of Memory Error (memory/allocation.inline.hpp:61), pid=12768, tid=9176
#
# JRE version:  (7.0_67-b01) (build )
# Java VM: Java HotSpot(TM) 64-Bit Server VM (24.65-b04 mixed mode windows-amd64 compressed oops)
# Failed to write core dump. Minidumps are not enabled by default on client versions of Windows
#

---------------  T H R E A D  ---------------

Current thread (0x000000000291e800):  JavaThread "Unknown thread" [_thread_in_vm, id=9176, stack(0x0000000002760000,0x0000000002860000)]

Stack: [0x0000000002760000,0x0000000002860000]
[error occurred during error reporting (printing stack bounds), id 0xc0000005]


---------------  P R O C E S S  ---------------

Java Threads: ( => current thread )

Other Threads:

=>0x000000000291e800 (exited) JavaThread "Unknown thread" [_thread_in_vm, id=9176, stack(0x0000000002760000,0x0000000002860000)]

VM state:not at safepoint (normal execution)

VM Mutex/Monitor currently owned by a thread: None

Heap
 PSYoungGen      total 38400K, used 665K [0x00000000eaa80000, 0x00000000ed500000, 0x0000000100000000)
  eden space 33280K, 2% used [0x00000000eaa80000,0x00000000eab266d0,0x00000000ecb00000)
  from space 5120K, 0% used [0x00000000ed000000,0x00000000ed000000,0x00000000ed500000)
  to   space 5120K, 0% used [0x00000000ecb00000,0x00000000ecb00000,0x00000000ed000000)
 ParOldGen       total 86016K, used 0K [0x00000000c0000000, 0x00000000c5400000, 0x00000000eaa80000)
  object space 86016K, 0% used [0x00000000c0000000,0x00000000c0000000,0x00000000c5400000)
 PSPermGen       total 21504K, used 693K [0x00000000bae00000, 0x00000000bc300000, 0x00000000c0000000)
  object space 21504K, 3% used [0x00000000bae00000,0x00000000baead660,0x00000000bc300000)

Card table byte_map: [0x0000000005ae0000,0x0000000005d10000] byte_map_base: 0x0000000005509000

Polling page: 0x0000000000f30000

Code Cache  [0x0000000002a20000, 0x0000000002c90000, 0x0000000005a20000)
 total_blobs=38 nmethods=0 adapters=20 free_code_cache=48889Kb largest_free_block=50062528

Compilation events (0 events):
No events

GC Heap History (0 events):
No events

Deoptimization events (0 events):
No events

Internal exceptions (0 events):
No events

Events (10 events):
Event: 0.062 loading class 0x0000000002970eb0
Event: 0.062 loading class 0x0000000002970eb0 done
Event: 0.062 loading class 0x0000000002970f00
Event: 0.062 loading class 0x0000000002970f00 done
Event: 0.062 loading class 0x0000000002970f50
Event: 0.063 loading class 0x0000000002970f50 done
Event: 0.064 loading class 0x0000000002971cb0
Event: 0.064 loading class 0x0000000002971cb0 done
Event: 0.064 loading class 0x00000000029718d0
Event: 0.064 loading class 0x00000000029718d0 done


Dynamic libraries:
0x00007ff6e4360000 - 0x00007ff6e4393000 	C:\Program Files\Java\jdk1.7.0_67\bin\java.exe
0x00007ff9d7470000 - 0x00007ff9d7631000 	C:\WINDOWS\SYSTEM32\ntdll.dll
0x00007ff9d5850000 - 0x00007ff9d58fd000 	C:\WINDOWS\system32\KERNEL32.DLL
0x00007ff9d48e0000 - 0x00007ff9d4abd000 	C:\WINDOWS\system32\KERNELBASE.dll
0x00007ff9d5200000 - 0x00007ff9d52a6000 	C:\WINDOWS\system32\ADVAPI32.dll
0x00007ff9d7220000 - 0x00007ff9d72bd000 	C:\WINDOWS\system32\msvcrt.dll
0x00007ff9d5970000 - 0x00007ff9d59cb000 	C:\WINDOWS\system32\sechost.dll
0x00007ff9d4c80000 - 0x00007ff9d4da6000 	C:\WINDOWS\system32\RPCRT4.dll
0x00007ff9d52b0000 - 0x00007ff9d53fe000 	C:\WINDOWS\system32\USER32.dll
0x00007ff9d56a0000 - 0x00007ff9d5826000 	C:\WINDOWS\system32\GDI32.dll
0x00007ff9c5380000 - 0x00007ff9c55f4000 	C:\WINDOWS\WinSxS\amd64_microsoft.windows.common-controls_6595b64144ccf1df_6.0.10240.16384_none_f41f7b285750ef43\COMCTL32.dll
0x00007ff9d4e80000 - 0x00007ff9d4eb6000 	C:\WINDOWS\system32\IMM32.DLL
0x00007ff9d4b20000 - 0x00007ff9d4c7c000 	C:\WINDOWS\system32\MSCTF.dll
0x0000000051e40000 - 0x0000000051f12000 	C:\Program Files\Java\jdk1.7.0_67\jre\bin\msvcr100.dll
0x0000000051660000 - 0x0000000051e32000 	C:\Program Files\Java\jdk1.7.0_67\jre\bin\server\jvm.dll
0x00007ff9d7180000 - 0x00007ff9d7188000 	C:\WINDOWS\system32\PSAPI.DLL
0x00007ff9cf830000 - 0x00007ff9cf839000 	C:\WINDOWS\SYSTEM32\WSOCK32.dll
0x00007ff9d7190000 - 0x00007ff9d71f9000 	C:\WINDOWS\system32\WS2_32.dll
0x00007ff9d4db0000 - 0x00007ff9d4db8000 	C:\WINDOWS\system32\NSI.dll
0x00007ff9d0920000 - 0x00007ff9d0943000 	C:\WINDOWS\SYSTEM32\WINMM.dll
0x00007ff9d08f0000 - 0x00007ff9d091c000 	C:\WINDOWS\SYSTEM32\WINMMBASE.dll
0x00007ff9d3fe0000 - 0x00007ff9d4024000 	C:\WINDOWS\system32\cfgmgr32.dll
0x00007ff9d2800000 - 0x00007ff9d2827000 	C:\WINDOWS\SYSTEM32\DEVOBJ.dll
0x0000000051650000 - 0x000000005165f000 	C:\Program Files\Java\jdk1.7.0_67\jre\bin\verify.dll
0x0000000051620000 - 0x0000000051648000 	C:\Program Files\Java\jdk1.7.0_67\jre\bin\java.dll
0x0000000051600000 - 0x0000000051615000 	C:\Program Files\Java\jdk1.7.0_67\jre\bin\zip.dll

VM Arguments:
jvm_args: -Djava.awt.headless=true -Xmx1024M -Dfile.encoding=windows-1252 -Duser.country=US -Duser.language=en -Duser.variant 
java_command: com.android.dx.command.Main --dex --num-threads=4 --output C:\Users\Ron\SkyDrive\UWG\CS6242-Software II\Projects\UITest\app\build\intermediates\pre-dexed\debug\debug_1af24fbb8238baa2c0e8f9f24f76f8ab0b77e780.jar C:\Users\Ron\SkyDrive\UWG\CS6242-Software II\Projects\UITest\app\build\intermediates\classes\debug
Launcher Type: SUN_STANDARD

Environment Variables:
JAVA_HOME=C:\Program Files\Java\jdk1.7.0_79
USERNAME=Ron
OS=Windows_NT
PROCESSOR_IDENTIFIER=Intel64 Family 6 Model 58 Stepping 9, GenuineIntel



---------------  S Y S T E M  ---------------

OS: Windows 8.1 , 64 bit Build 9600 

CPU:total 8 (4 cores per cpu, 2 threads per core) family 6 model 58 stepping 9, cmov, cx8, fxsr, mmx, sse, sse2, sse3, ssse3, sse4.1, sse4.2, popcnt, avx, aes, erms, ht, tsc, tscinvbit, tscinv

Memory: 4k page, physical 8285496k(1995500k free), swap 8285496k(10584k free)

vm_info: Java HotSpot(TM) 64-Bit Server VM (24.65-b04) for windows-amd64 JRE (1.7.0_67-b01), built on Jul 25 2014 08:55:00 by "java_re" with unknown MS VC++:1600

time: Mon Jan 18 11:19:20 2016
elapsed time: 0 seconds

